<?xml version="1.0" encoding="UTF-8" ?>
<testsuites>
<testsuite name="Communication Hub basic test" errors="0" tests="1" failures="0" time="0.01" timestamp="2014-07-01T14:15:50">
  <testcase classname="Communication Hub basic test" name="should successfuly register a module along with an event and a handler" time="0.004"></testcase>
</testsuite>
<testsuite name="Communication Hub basic test.Test event broadcasting, event handling and data passing" errors="0" tests="2" failures="2" time="0.006" timestamp="2014-07-01T14:15:50">
  <testcase classname="Communication Hub basic test.Test event broadcasting, event handling and data passing" name="should trigger a handler once an event is broadcasted" time="0.002"><failure type="expect" message="Expected spy fooHandler to have been called.">Error: Expected spy fooHandler to have been called.
    at new jasmine.ExpectationResult (/home/codio/workspace/commhub/node_modules/grunt-jasmine-node/node_modules/jasmine-node/lib/jasmine-node/jasmine-1.3.1.js:114:32)
    at null.toHaveBeenCalled (/home/codio/workspace/commhub/node_modules/grunt-jasmine-node/node_modules/jasmine-node/lib/jasmine-node/jasmine-1.3.1.js:1235:29)
    at null.&amp;lt;anonymous&amp;gt; (/home/codio/workspace/commhub/spec/commhub.spec.js:55:51)
    at jasmine.Block.execute (/home/codio/workspace/commhub/node_modules/grunt-jasmine-node/node_modules/jasmine-node/lib/jasmine-node/jasmine-1.3.1.js:1064:17)
    at jasmine.Queue.next_ (/home/codio/workspace/commhub/node_modules/grunt-jasmine-node/node_modules/jasmine-node/lib/jasmine-node/jasmine-1.3.1.js:2096:31)
    at jasmine.Queue.start (/home/codio/workspace/commhub/node_modules/grunt-jasmine-node/node_modules/jasmine-node/lib/jasmine-node/jasmine-1.3.1.js:2049:8)
    at jasmine.Spec.execute (/home/codio/workspace/commhub/node_modules/grunt-jasmine-node/node_modules/jasmine-node/lib/jasmine-node/jasmine-1.3.1.js:2376:14)
    at jasmine.Queue.next_ (/home/codio/workspace/commhub/node_modules/grunt-jasmine-node/node_modules/jasmine-node/lib/jasmine-node/jasmine-1.3.1.js:2096:31)
    at jasmine.Queue.start (/home/codio/workspace/commhub/node_modules/grunt-jasmine-node/node_modules/jasmine-node/lib/jasmine-node/jasmine-1.3.1.js:2049:8)
    at jasmine.Suite.execute (/home/codio/workspace/commhub/node_modules/grunt-jasmine-node/node_modules/jasmine-node/lib/jasmine-node/jasmine-1.3.1.js:2521:14)</failure></testcase>
  <testcase classname="Communication Hub basic test.Test event broadcasting, event handling and data passing" name="and it should also pass on data, sent along with an event, to the handler" time="0.001"><failure type="expect" message="Expected spy fooHandler to have been called with [ { bar : true } ] but it was never called.">Error: Expected spy fooHandler to have been called with [ { bar : true } ] but it was never called.
    at new jasmine.ExpectationResult (/home/codio/workspace/commhub/node_modules/grunt-jasmine-node/node_modules/jasmine-node/lib/jasmine-node/jasmine-1.3.1.js:114:32)
    at null.toHaveBeenCalledWith (/home/codio/workspace/commhub/node_modules/grunt-jasmine-node/node_modules/jasmine-node/lib/jasmine-node/jasmine-1.3.1.js:1235:29)
    at null.&amp;lt;anonymous&amp;gt; (/home/codio/workspace/commhub/spec/commhub.spec.js:61:51)
    at jasmine.Block.execute (/home/codio/workspace/commhub/node_modules/grunt-jasmine-node/node_modules/jasmine-node/lib/jasmine-node/jasmine-1.3.1.js:1064:17)
    at jasmine.Queue.next_ (/home/codio/workspace/commhub/node_modules/grunt-jasmine-node/node_modules/jasmine-node/lib/jasmine-node/jasmine-1.3.1.js:2096:31)
    at jasmine.Queue.start (/home/codio/workspace/commhub/node_modules/grunt-jasmine-node/node_modules/jasmine-node/lib/jasmine-node/jasmine-1.3.1.js:2049:8)
    at jasmine.Spec.execute (/home/codio/workspace/commhub/node_modules/grunt-jasmine-node/node_modules/jasmine-node/lib/jasmine-node/jasmine-1.3.1.js:2376:14)
    at jasmine.Queue.next_ (/home/codio/workspace/commhub/node_modules/grunt-jasmine-node/node_modules/jasmine-node/lib/jasmine-node/jasmine-1.3.1.js:2096:31)
    at jasmine.Queue.start (/home/codio/workspace/commhub/node_modules/grunt-jasmine-node/node_modules/jasmine-node/lib/jasmine-node/jasmine-1.3.1.js:2049:8)
    at jasmine.Suite.execute (/home/codio/workspace/commhub/node_modules/grunt-jasmine-node/node_modules/jasmine-node/lib/jasmine-node/jasmine-1.3.1.js:2521:14)</failure></testcase>
</testsuite>
</testsuites>